<?xml version="1.0" encoding="UTF-8"?>
<!-- Generated by org.testng.reporters.JUnitReportReporter -->
<testsuite hostname="DESKTOP-V939PNC" failures="1" tests="4" name="com.Janitri.Innovations.tests.LoginTest" time="56.478" errors="0" timestamp="2025-08-02T17:49:43 IST" skipped="0">
  <testcase classname="com.Janitri.Innovations.tests.LoginTest" name="testElementsPresentOnPage" time="12.087"/>
  <system-out>
<br><b><font color='blue'>titileValidate:</font></b><br> <a href='file://C:\Users\user\Documents\Eclips\JanitriInnovationsAutomationFramework/Screenshots/titileValidate.png' target='_blank'><img src='file://C:\Users\user\Documents\Eclips\JanitriInnovationsAutomationFramework/Screenshots/titileValidate.png' height='100' width='100'/></a><br> Title Validatin Pass Sub Title Validation pass User ID input Field Validation pass User Password input validation pass Login button validation pass Eye icon visible  </system-out>
  <testcase classname="com.Janitri.Innovations.tests.LoginTest" name="testPasswordMaskedbutton" time="14.876"/>
  <system-out>
<br><b><font color='blue'>BeforeClickingMaskIcon:</font></b><br> <a href='file://C:\Users\user\Documents\Eclips\JanitriInnovationsAutomationFramework/Screenshots/BeforeClickingMaskIcon.png' target='_blank'><img src='file://C:\Users\user\Documents\Eclips\JanitriInnovationsAutomationFramework/Screenshots/BeforeClickingMaskIcon.png' height='100' width='100'/></a><br> Password should be masked by default PASS <br><b><font color='blue'>AfterClickingMaskIcon:</font></b><br> <a href='file://C:\Users\user\Documents\Eclips\JanitriInnovationsAutomationFramework/Screenshots/AfterClickingMaskIcon.png' target='_blank'><img src='file://C:\Users\user\Documents\Eclips\JanitriInnovationsAutomationFramework/Screenshots/AfterClickingMaskIcon.png' height='100' width='100'/></a><br> Password should be unmasked after clicking eye icon PASS  </system-out>
  <testcase classname="com.Janitri.Innovations.tests.LoginTest" name="testLoginButtonDisabledWhenFieldAreEmpty" time="12.575">
    <failure message="Login button should be disabled when fields are empty. expected [false] but found [true]" type="java.lang.AssertionError">
      <![CDATA[java.lang.AssertionError: Login button should be disabled when fields are empty. expected [false] but found [true]
at org.testng.Assert.fail(Assert.java:99)
at org.testng.Assert.failNotEquals(Assert.java:1037)
at org.testng.Assert.assertFalse(Assert.java:67)
at com.Janitri.Innovations.tests.LoginTest.testLoginButtonDisabledWhenFieldAreEmpty(LoginTest.java:22)
at java.base/jdk.internal.reflect.NativeMethodAccessorImpl.invoke0(Native Method)
at java.base/jdk.internal.reflect.NativeMethodAccessorImpl.invoke(NativeMethodAccessorImpl.java:77)
at java.base/jdk.internal.reflect.DelegatingMethodAccessorImpl.invoke(DelegatingMethodAccessorImpl.java:43)
at java.base/java.lang.reflect.Method.invoke(Method.java:568)
at org.testng.internal.MethodInvocationHelper.invokeMethod(MethodInvocationHelper.java:132)
at org.testng.internal.TestInvoker.invokeMethod(TestInvoker.java:599)
at org.testng.internal.TestInvoker.invokeTestMethod(TestInvoker.java:174)
at org.testng.internal.MethodRunner.runInSequence(MethodRunner.java:46)
at org.testng.internal.TestInvoker$MethodInvocationAgent.invoke(TestInvoker.java:822)
at org.testng.internal.TestInvoker.invokeTestMethods(TestInvoker.java:147)
at org.testng.internal.TestMethodWorker.invokeTestMethods(TestMethodWorker.java:146)
at org.testng.internal.TestMethodWorker.run(TestMethodWorker.java:128)
at java.base/java.util.ArrayList.forEach(ArrayList.java:1511)
at org.testng.TestRunner.privateRun(TestRunner.java:764)
at org.testng.TestRunner.run(TestRunner.java:585)
at org.testng.SuiteRunner.runTest(SuiteRunner.java:384)
at org.testng.SuiteRunner.runSequentially(SuiteRunner.java:378)
at org.testng.SuiteRunner.privateRun(SuiteRunner.java:337)
at org.testng.SuiteRunner.run(SuiteRunner.java:286)
at org.testng.SuiteRunnerWorker.runSuite(SuiteRunnerWorker.java:53)
at org.testng.SuiteRunnerWorker.run(SuiteRunnerWorker.java:96)
at org.testng.TestNG.runSuitesSequentially(TestNG.java:1218)
at org.testng.TestNG.runSuitesLocally(TestNG.java:1140)
at org.testng.TestNG.runSuites(TestNG.java:1069)
at org.testng.TestNG.run(TestNG.java:1037)
at com.Janitri.Innovations.TestNGRunner.main(TestNGRunner.java:14)
]]>
    </failure>
  </testcase> <!-- testLoginButtonDisabledWhenFieldAreEmpty -->
  <system-out>
<br><b><font color='blue'>BeforeCheckingLoginButtonDisable:</font></b><br> <a href='file://C:\Users\user\Documents\Eclips\JanitriInnovationsAutomationFramework/Screenshots/BeforeCheckingLoginButtonDisable.png' target='_blank'><img src='file://C:\Users\user\Documents\Eclips\JanitriInnovationsAutomationFramework/Screenshots/BeforeCheckingLoginButtonDisable.png' height='100' width='100'/></a><br> <br><b><font color='blue'>AfterClickingLoginButtonWithEmptyFields:</font></b><br> <a href='file://C:\Users\user\Documents\Eclips\JanitriInnovationsAutomationFramework/Screenshots/AfterClickingLoginButtonWithEmptyFields.png' target='_blank'><img src='file://C:\Users\user\Documents\Eclips\JanitriInnovationsAutomationFramework/Screenshots/AfterClickingLoginButtonWithEmptyFields.png' height='100' width='100'/></a><br> If fields are empty the Login button returning true  </system-out>
  <testcase classname="com.Janitri.Innovations.tests.LoginTest" name="testInvalidLoginShowErrorMsg" time="16.940"/>
  <system-out>
User ID Eneterd User Password Eneterd Login Button Clicked <br><b><font color='blue'>invalidLoginError:</font></b><br> <a href='file://C:\Users\user\Documents\Eclips\JanitriInnovationsAutomationFramework/Screenshots/invalidLoginError.png' target='_blank'><img src='file://C:\Users\user\Documents\Eclips\JanitriInnovationsAutomationFramework/Screenshots/invalidLoginError.png' height='100' width='100'/></a><br>  </system-out>
</testsuite> <!-- com.Janitri.Innovations.tests.LoginTest -->
